This file contains any messages produced by compilers while
running configure, to aid debugging if configure makes a mistake.

It was created by configure, which was
generated by GNU Autoconf 2.69.  Invocation command line was

  $ ./configure --prefix /home/bingyan/kaldi-trunk/tools/extras/irstlm

## --------- ##
## Platform. ##
## --------- ##

hostname = localhost.localdomain
uname -m = x86_64
uname -r = 4.0.4-301.fc22.x86_64
uname -s = Linux
uname -v = #1 SMP Thu May 21 13:10:33 UTC 2015

/usr/bin/uname -p = x86_64
/bin/uname -X     = unknown

/bin/arch              = x86_64
/usr/bin/arch -k       = unknown
/usr/convex/getsysinfo = unknown
/usr/bin/hostinfo      = unknown
/bin/machine           = unknown
/usr/bin/oslevel       = unknown
/bin/universe          = unknown

PATH: /usr/local/bin
PATH: /usr/local/sbin
PATH: /usr/bin
PATH: /usr/sbin
PATH: /bin
PATH: /sbin
PATH: /home/bingyan/.local/bin
PATH: /home/bingyan/bin


## ----------- ##
## Core tests. ##
## ----------- ##

configure:2420: checking for a BSD-compatible install
configure:2488: result: /usr/bin/install -c
configure:2499: checking whether build environment is sane
configure:2554: result: yes
configure:2705: checking for a thread-safe mkdir -p
configure:2744: result: /usr/bin/mkdir -p
configure:2751: checking for gawk
configure:2767: found /usr/bin/gawk
configure:2778: result: gawk
configure:2789: checking whether make sets $(MAKE)
configure:2811: result: yes
configure:2840: checking whether make supports nested variables
configure:2857: result: yes
configure:3046: checking for g++
configure:3062: found /usr/bin/g++
configure:3073: result: g++
configure:3100: checking for C++ compiler version
configure:3109: g++ --version >&5
g++ (GCC) 5.1.1 20150618 (Red Hat 5.1.1-4)
Copyright (C) 2015 Free Software Foundation, Inc.
This is free software; see the source for copying conditions.  There is NO
warranty; not even for MERCHANTABILITY or FITNESS FOR A PARTICULAR PURPOSE.

configure:3120: $? = 0
configure:3109: g++ -v >&5
Using built-in specs.
COLLECT_GCC=g++
COLLECT_LTO_WRAPPER=/usr/libexec/gcc/x86_64-redhat-linux/5.1.1/lto-wrapper
Target: x86_64-redhat-linux
Configured with: ../configure --enable-bootstrap --enable-languages=c,c++,objc,obj-c++,fortran,ada,go,lto --prefix=/usr --mandir=/usr/share/man --infodir=/usr/share/info --with-bugurl=http://bugzilla.redhat.com/bugzilla --enable-shared --enable-threads=posix --enable-checking=release --enable-multilib --with-system-zlib --enable-__cxa_atexit --disable-libunwind-exceptions --enable-gnu-unique-object --enable-linker-build-id --with-linker-hash-style=gnu --enable-plugin --enable-initfini-array --disable-libgcj --with-default-libstdcxx-abi=c++98 --with-isl --enable-libmpx --enable-gnu-indirect-function --with-tune=generic --with-arch_32=i686 --build=x86_64-redhat-linux
Thread model: posix
gcc version 5.1.1 20150618 (Red Hat 5.1.1-4) (GCC) 
configure:3120: $? = 0
configure:3109: g++ -V >&5
g++: error: unrecognized command line option '-V'
g++: fatal error: no input files
compilation terminated.
configure:3120: $? = 1
configure:3109: g++ -qversion >&5
g++: error: unrecognized command line option '-qversion'
g++: fatal error: no input files
compilation terminated.
configure:3120: $? = 1
configure:3140: checking whether the C++ compiler works
configure:3162: g++    conftest.cpp  >&5
configure:3166: $? = 0
configure:3214: result: yes
configure:3217: checking for C++ compiler default output file name
configure:3219: result: a.out
configure:3225: checking for suffix of executables
configure:3232: g++ -o conftest    conftest.cpp  >&5
configure:3236: $? = 0
configure:3258: result: 
configure:3280: checking whether we are cross compiling
configure:3288: g++ -o conftest    conftest.cpp  >&5
configure:3292: $? = 0
configure:3299: ./conftest
configure:3303: $? = 0
configure:3318: result: no
configure:3323: checking for suffix of object files
configure:3345: g++ -c   conftest.cpp >&5
configure:3349: $? = 0
configure:3370: result: o
configure:3374: checking whether we are using the GNU C++ compiler
configure:3393: g++ -c   conftest.cpp >&5
configure:3393: $? = 0
configure:3402: result: yes
configure:3411: checking whether g++ accepts -g
configure:3431: g++ -c -g  conftest.cpp >&5
configure:3431: $? = 0
configure:3472: result: yes
configure:3506: checking for style of include used by make
configure:3534: result: GNU
configure:3560: checking dependency style of g++
configure:3671: result: gcc3
configure:3691: checking how to run the C++ preprocessor
configure:3718: g++ -E  conftest.cpp
configure:3718: $? = 0
configure:3732: g++ -E  conftest.cpp
conftest.cpp:11:28: fatal error: ac_nonexistent.h: No such file or directory
compilation terminated.
configure:3732: $? = 1
configure: failed program was:
| /* confdefs.h */
| #define PACKAGE_NAME ""
| #define PACKAGE_TARNAME ""
| #define PACKAGE_VERSION ""
| #define PACKAGE_STRING ""
| #define PACKAGE_BUGREPORT ""
| #define PACKAGE_URL ""
| #define PACKAGE "irstlm"
| #define VERSION "5.70.03"
| /* end confdefs.h.  */
| #include <ac_nonexistent.h>
configure:3757: result: g++ -E
configure:3777: g++ -E  conftest.cpp
configure:3777: $? = 0
configure:3791: g++ -E  conftest.cpp
conftest.cpp:11:28: fatal error: ac_nonexistent.h: No such file or directory
compilation terminated.
configure:3791: $? = 1
configure: failed program was:
| /* confdefs.h */
| #define PACKAGE_NAME ""
| #define PACKAGE_TARNAME ""
| #define PACKAGE_VERSION ""
| #define PACKAGE_STRING ""
| #define PACKAGE_BUGREPORT ""
| #define PACKAGE_URL ""
| #define PACKAGE "irstlm"
| #define VERSION "5.70.03"
| /* end confdefs.h.  */
| #include <ac_nonexistent.h>
configure:3886: checking build system type
configure:3900: result: x86_64-unknown-linux-gnu
configure:3920: checking host system type
configure:3933: result: x86_64-unknown-linux-gnu
configure:3974: checking how to print strings
configure:4001: result: printf
configure:4070: checking for gcc
configure:4086: found /usr/bin/gcc
configure:4097: result: gcc
configure:4326: checking for C compiler version
configure:4335: gcc --version >&5
gcc (GCC) 5.1.1 20150618 (Red Hat 5.1.1-4)
Copyright (C) 2015 Free Software Foundation, Inc.
This is free software; see the source for copying conditions.  There is NO
warranty; not even for MERCHANTABILITY or FITNESS FOR A PARTICULAR PURPOSE.

configure:4346: $? = 0
configure:4335: gcc -v >&5
Using built-in specs.
COLLECT_GCC=gcc
COLLECT_LTO_WRAPPER=/usr/libexec/gcc/x86_64-redhat-linux/5.1.1/lto-wrapper
Target: x86_64-redhat-linux
Configured with: ../configure --enable-bootstrap --enable-languages=c,c++,objc,obj-c++,fortran,ada,go,lto --prefix=/usr --mandir=/usr/share/man --infodir=/usr/share/info --with-bugurl=http://bugzilla.redhat.com/bugzilla --enable-shared --enable-threads=posix --enable-checking=release --enable-multilib --with-system-zlib --enable-__cxa_atexit --disable-libunwind-exceptions --enable-gnu-unique-object --enable-linker-build-id --with-linker-hash-style=gnu --enable-plugin --enable-initfini-array --disable-libgcj --with-default-libstdcxx-abi=c++98 --with-isl --enable-libmpx --enable-gnu-indirect-function --with-tune=generic --with-arch_32=i686 --build=x86_64-redhat-linux
Thread model: posix
gcc version 5.1.1 20150618 (Red Hat 5.1.1-4) (GCC) 
configure:4346: $? = 0
configure:4335: gcc -V >&5
gcc: error: unrecognized command line option '-V'
gcc: fatal error: no input files
compilation terminated.
configure:4346: $? = 1
configure:4335: gcc -qversion >&5
gcc: error: unrecognized command line option '-qversion'
gcc: fatal error: no input files
compilation terminated.
configure:4346: $? = 1
configure:4350: checking whether we are using the GNU C compiler
configure:4369: gcc -c   conftest.c >&5
configure:4369: $? = 0
configure:4378: result: yes
configure:4387: checking whether gcc accepts -g
configure:4407: gcc -c -g  conftest.c >&5
configure:4407: $? = 0
configure:4448: result: yes
configure:4465: checking for gcc option to accept ISO C89
configure:4528: gcc  -c   conftest.c >&5
configure:4528: $? = 0
configure:4541: result: none needed
configure:4566: checking whether gcc understands -c and -o together
configure:4588: gcc -c conftest.c -o conftest2.o
configure:4591: $? = 0
configure:4588: gcc -c conftest.c -o conftest2.o
configure:4591: $? = 0
configure:4603: result: yes
configure:4622: checking dependency style of gcc
configure:4733: result: gcc3
configure:4748: checking for a sed that does not truncate output
configure:4812: result: /usr/bin/sed
configure:4830: checking for grep that handles long lines and -e
configure:4888: result: /usr/bin/grep
configure:4893: checking for egrep
configure:4955: result: /usr/bin/grep -E
configure:4960: checking for fgrep
configure:5022: result: /usr/bin/grep -F
configure:5057: checking for ld used by gcc
configure:5124: result: /usr/bin/ld
configure:5131: checking if the linker (/usr/bin/ld) is GNU ld
configure:5146: result: yes
configure:5158: checking for BSD- or MS-compatible name lister (nm)
configure:5207: result: /usr/bin/nm -B
configure:5337: checking the name lister (/usr/bin/nm -B) interface
configure:5344: g++ -c   conftest.cpp >&5
configure:5347: /usr/bin/nm -B "conftest.o"
configure:5350: output
0000000000000000 B some_variable
configure:5357: result: BSD nm
configure:5360: checking whether ln -s works
configure:5364: result: yes
configure:5372: checking the maximum length of command line arguments
configure:5502: result: 1572864
configure:5519: checking whether the shell understands some XSI constructs
configure:5529: result: yes
configure:5533: checking whether the shell understands "+="
configure:5539: result: yes
configure:5574: checking how to convert x86_64-unknown-linux-gnu file names to x86_64-unknown-linux-gnu format
configure:5614: result: func_convert_file_noop
configure:5621: checking how to convert x86_64-unknown-linux-gnu file names to toolchain format
configure:5641: result: func_convert_file_noop
configure:5648: checking for /usr/bin/ld option to reload object files
configure:5655: result: -r
configure:5729: checking for objdump
configure:5745: found /usr/bin/objdump
configure:5756: result: objdump
configure:5788: checking how to recognize dependent libraries
configure:5990: result: pass_all
configure:6075: checking for dlltool
configure:6105: result: no
configure:6135: checking how to associate runtime and link libraries
configure:6162: result: printf %s\n
configure:6223: checking for ar
configure:6239: found /usr/bin/ar
configure:6250: result: ar
configure:6287: checking for archiver @FILE support
configure:6304: g++ -c   conftest.cpp >&5
configure:6304: $? = 0
configure:6307: ar cru libconftest.a @conftest.lst >&5
ar: `u' modifier ignored since `D' is the default (see `U')
configure:6310: $? = 0
configure:6315: ar cru libconftest.a @conftest.lst >&5
ar: `u' modifier ignored since `D' is the default (see `U')
ar: conftest.o: No such file or directory
configure:6318: $? = 1
configure:6330: result: @
configure:6388: checking for strip
configure:6404: found /usr/bin/strip
configure:6415: result: strip
configure:6487: checking for ranlib
configure:6503: found /usr/bin/ranlib
configure:6514: result: ranlib
configure:6616: checking command to parse /usr/bin/nm -B output from gcc object
configure:6736: g++ -c   conftest.cpp >&5
configure:6739: $? = 0
configure:6743: /usr/bin/nm -B conftest.o \| sed -n -e 's/^.*[ ]\([ABCDGIRSTW][ABCDGIRSTW]*\)[ ][ ]*\([_A-Za-z][_A-Za-z0-9]*\)$/\1 \2 \2/p' | sed '/ __gnu_lto/d' \> conftest.nm
configure:6746: $? = 0
configure:6812: g++ -o conftest    conftest.cpp conftstm.o >&5
configure:6815: $? = 0
configure:6853: result: ok
configure:6890: checking for sysroot
configure:6920: result: no
configure:6998: g++ -c   conftest.cpp >&5
configure:7001: $? = 0
configure:7183: checking for mt
configure:7213: result: no
configure:7233: checking if : is a manifest tool
configure:7239: : '-?'
configure:7247: result: no
configure:7889: checking how to run the C preprocessor
configure:7920: gcc -E  conftest.c
configure:7920: $? = 0
configure:7934: gcc -E  conftest.c
conftest.c:11:28: fatal error: ac_nonexistent.h: No such file or directory
compilation terminated.
configure:7934: $? = 1
configure: failed program was:
| /* confdefs.h */
| #define PACKAGE_NAME ""
| #define PACKAGE_TARNAME ""
| #define PACKAGE_VERSION ""
| #define PACKAGE_STRING ""
| #define PACKAGE_BUGREPORT ""
| #define PACKAGE_URL ""
| #define PACKAGE "irstlm"
| #define VERSION "5.70.03"
| /* end confdefs.h.  */
| #include <ac_nonexistent.h>
configure:7959: result: gcc -E
configure:7979: gcc -E  conftest.c
configure:7979: $? = 0
configure:7993: gcc -E  conftest.c
conftest.c:11:28: fatal error: ac_nonexistent.h: No such file or directory
compilation terminated.
configure:7993: $? = 1
configure: failed program was:
| /* confdefs.h */
| #define PACKAGE_NAME ""
| #define PACKAGE_TARNAME ""
| #define PACKAGE_VERSION ""
| #define PACKAGE_STRING ""
| #define PACKAGE_BUGREPORT ""
| #define PACKAGE_URL ""
| #define PACKAGE "irstlm"
| #define VERSION "5.70.03"
| /* end confdefs.h.  */
| #include <ac_nonexistent.h>
configure:8022: checking for ANSI C header files
configure:8042: gcc -c   conftest.c >&5
configure:8042: $? = 0
configure:8115: gcc -o conftest    conftest.c  >&5
configure:8115: $? = 0
configure:8115: ./conftest
configure:8115: $? = 0
configure:8126: result: yes
configure:8139: checking for sys/types.h
configure:8139: gcc -c   conftest.c >&5
configure:8139: $? = 0
configure:8139: result: yes
configure:8139: checking for sys/stat.h
configure:8139: gcc -c   conftest.c >&5
configure:8139: $? = 0
configure:8139: result: yes
configure:8139: checking for stdlib.h
configure:8139: gcc -c   conftest.c >&5
configure:8139: $? = 0
configure:8139: result: yes
configure:8139: checking for string.h
configure:8139: gcc -c   conftest.c >&5
configure:8139: $? = 0
configure:8139: result: yes
configure:8139: checking for memory.h
configure:8139: gcc -c   conftest.c >&5
configure:8139: $? = 0
configure:8139: result: yes
configure:8139: checking for strings.h
configure:8139: gcc -c   conftest.c >&5
configure:8139: $? = 0
configure:8139: result: yes
configure:8139: checking for inttypes.h
configure:8139: gcc -c   conftest.c >&5
configure:8139: $? = 0
configure:8139: result: yes
configure:8139: checking for stdint.h
configure:8139: gcc -c   conftest.c >&5
configure:8139: $? = 0
configure:8139: result: yes
configure:8139: checking for unistd.h
configure:8139: gcc -c   conftest.c >&5
configure:8139: $? = 0
configure:8139: result: yes
configure:8153: checking for dlfcn.h
configure:8153: gcc -c   conftest.c >&5
configure:8153: $? = 0
configure:8153: result: yes
configure:8339: checking for objdir
configure:8354: result: .libs
configure:8625: checking if gcc supports -fno-rtti -fno-exceptions
configure:8643: gcc -c   -fno-rtti -fno-exceptions conftest.c >&5
cc1: warning: command line option '-fno-rtti' is valid for C++/ObjC++ but not for C
configure:8647: $? = 0
configure:8660: result: no
configure:8987: checking for gcc option to produce PIC
configure:8994: result: -fPIC -DPIC
configure:9002: checking if gcc PIC flag -fPIC -DPIC works
configure:9020: gcc -c   -fPIC -DPIC -DPIC conftest.c >&5
configure:9024: $? = 0
configure:9037: result: yes
configure:9066: checking if gcc static flag -static works
configure:9094: result: no
configure:9109: checking if gcc supports -c -o file.o
configure:9130: gcc -c   -o out/conftest2.o conftest.c >&5
configure:9134: $? = 0
configure:9156: result: yes
configure:9164: checking if gcc supports -c -o file.o
configure:9211: result: yes
configure:9244: checking whether the gcc linker (/usr/bin/ld -m elf_x86_64) supports shared libraries
configure:10397: result: yes
configure:10637: checking dynamic linker characteristics
configure:11148: gcc -o conftest    -Wl,-rpath -Wl,/foo conftest.c  >&5
configure:11148: $? = 0
configure:11374: result: GNU/Linux ld.so
configure:11481: checking how to hardcode library paths into programs
configure:11506: result: immediate
configure:12046: checking whether stripping libraries is possible
configure:12051: result: yes
configure:12086: checking if libtool supports shared libraries
configure:12088: result: yes
configure:12091: checking whether to build shared libraries
configure:12112: result: no
configure:12115: checking whether to build static libraries
configure:12119: result: yes
configure:12142: checking how to run the C++ preprocessor
configure:12208: result: g++ -E
configure:12228: g++ -E  conftest.cpp
configure:12228: $? = 0
configure:12242: g++ -E  conftest.cpp
conftest.cpp:23:28: fatal error: ac_nonexistent.h: No such file or directory
compilation terminated.
configure:12242: $? = 1
configure: failed program was:
| /* confdefs.h */
| #define PACKAGE_NAME ""
| #define PACKAGE_TARNAME ""
| #define PACKAGE_VERSION ""
| #define PACKAGE_STRING ""
| #define PACKAGE_BUGREPORT ""
| #define PACKAGE_URL ""
| #define PACKAGE "irstlm"
| #define VERSION "5.70.03"
| #define STDC_HEADERS 1
| #define HAVE_SYS_TYPES_H 1
| #define HAVE_SYS_STAT_H 1
| #define HAVE_STDLIB_H 1
| #define HAVE_STRING_H 1
| #define HAVE_MEMORY_H 1
| #define HAVE_STRINGS_H 1
| #define HAVE_INTTYPES_H 1
| #define HAVE_STDINT_H 1
| #define HAVE_UNISTD_H 1
| #define HAVE_DLFCN_H 1
| #define LT_OBJDIR ".libs/"
| /* end confdefs.h.  */
| #include <ac_nonexistent.h>
configure:12411: checking for ld used by g++
configure:12478: result: /usr/bin/ld -m elf_x86_64
configure:12485: checking if the linker (/usr/bin/ld -m elf_x86_64) is GNU ld
configure:12500: result: yes
configure:12555: checking whether the g++ linker (/usr/bin/ld -m elf_x86_64) supports shared libraries
configure:13560: result: yes
configure:13596: g++ -c   conftest.cpp >&5
configure:13599: $? = 0
configure:14119: checking for g++ option to produce PIC
configure:14126: result: -fPIC -DPIC
configure:14134: checking if g++ PIC flag -fPIC -DPIC works
configure:14152: g++ -c   -fPIC -DPIC -DPIC conftest.cpp >&5
configure:14156: $? = 0
configure:14169: result: yes
configure:14192: checking if g++ static flag -static works
configure:14220: result: no
configure:14232: checking if g++ supports -c -o file.o
configure:14253: g++ -c   -o out/conftest2.o conftest.cpp >&5
configure:14257: $? = 0
configure:14279: result: yes
configure:14284: checking if g++ supports -c -o file.o
configure:14331: result: yes
configure:14361: checking whether the g++ linker (/usr/bin/ld -m elf_x86_64) supports shared libraries
configure:14397: result: yes
configure:14538: checking dynamic linker characteristics
configure:15209: result: GNU/Linux ld.so
configure:15262: checking how to hardcode library paths into programs
configure:15287: result: immediate
configure:15394: checking for pdflatex
configure:15424: result: no
configure:15486: checking for bibtex
configure:15516: result: no
configure:15617: trace disabled (default), most regression tests will fail
configure:15627: generation of debugging symbols disabled (default), compilation without "-g", only "-O2"
configure:15638: profiling disabled (default)
configure:15649: train-caching disabled (default)
configure:15660: caching disabled (default)
configure:15671: interpolated search disabled (default)
configure:15682: optimization disabled (default)
configure:15686: Building non-threaded irstlm.
configure:15692: checking getopt.h usability
configure:15692: g++ -c   conftest.cpp >&5
configure:15692: $? = 0
configure:15692: result: yes
configure:15692: checking getopt.h presence
configure:15692: g++ -E  conftest.cpp
configure:15692: $? = 0
configure:15692: result: yes
configure:15692: checking for getopt.h
configure:15692: result: yes
configure:15836: checking that generated files are newer than configure
configure:15842: result: done
configure:15881: creating ./config.status

## ---------------------- ##
## Running config.status. ##
## ---------------------- ##

This file was extended by config.status, which was
generated by GNU Autoconf 2.69.  Invocation command line was

  CONFIG_FILES    = 
  CONFIG_HEADERS  = 
  CONFIG_LINKS    = 
  CONFIG_COMMANDS = 
  $ ./config.status 

on localhost.localdomain

config.status:1153: creating Makefile
config.status:1153: creating src/Makefile
config.status:1153: creating scripts/Makefile
config.status:1153: creating config.h
config.status:1382: executing depfiles commands
config.status:1382: executing libtool commands
configure:18373: The software will be installed into /home/bingyan/kaldi-trunk/tools/extras/irstlm

## ---------------- ##
## Cache variables. ##
## ---------------- ##

ac_cv_build=x86_64-unknown-linux-gnu
ac_cv_c_compiler_gnu=yes
ac_cv_cxx_compiler_gnu=yes
ac_cv_env_CCC_set=
ac_cv_env_CCC_value=
ac_cv_env_CC_set=
ac_cv_env_CC_value=
ac_cv_env_CFLAGS_set=
ac_cv_env_CFLAGS_value=
ac_cv_env_CPPFLAGS_set=
ac_cv_env_CPPFLAGS_value=
ac_cv_env_CPP_set=
ac_cv_env_CPP_value=
ac_cv_env_CXXCPP_set=
ac_cv_env_CXXCPP_value=
ac_cv_env_CXXFLAGS_set=
ac_cv_env_CXXFLAGS_value=
ac_cv_env_CXX_set=
ac_cv_env_CXX_value=
ac_cv_env_LDFLAGS_set=
ac_cv_env_LDFLAGS_value=
ac_cv_env_LIBS_set=
ac_cv_env_LIBS_value=
ac_cv_env_build_alias_set=
ac_cv_env_build_alias_value=
ac_cv_env_host_alias_set=
ac_cv_env_host_alias_value=
ac_cv_env_target_alias_set=
ac_cv_env_target_alias_value=
ac_cv_header_dlfcn_h=yes
ac_cv_header_getopt_h=yes
ac_cv_header_inttypes_h=yes
ac_cv_header_memory_h=yes
ac_cv_header_stdc=yes
ac_cv_header_stdint_h=yes
ac_cv_header_stdlib_h=yes
ac_cv_header_string_h=yes
ac_cv_header_strings_h=yes
ac_cv_header_sys_stat_h=yes
ac_cv_header_sys_types_h=yes
ac_cv_header_unistd_h=yes
ac_cv_host=x86_64-unknown-linux-gnu
ac_cv_objext=o
ac_cv_path_EGREP='/usr/bin/grep -E'
ac_cv_path_FGREP='/usr/bin/grep -F'
ac_cv_path_GREP=/usr/bin/grep
ac_cv_path_SED=/usr/bin/sed
ac_cv_path_install='/usr/bin/install -c'
ac_cv_path_mkdir=/usr/bin/mkdir
ac_cv_prog_AWK=gawk
ac_cv_prog_CPP='gcc -E'
ac_cv_prog_CXXCPP='g++ -E'
ac_cv_prog_ac_ct_AR=ar
ac_cv_prog_ac_ct_CC=gcc
ac_cv_prog_ac_ct_CXX=g++
ac_cv_prog_ac_ct_OBJDUMP=objdump
ac_cv_prog_ac_ct_RANLIB=ranlib
ac_cv_prog_ac_ct_STRIP=strip
ac_cv_prog_cc_c89=
ac_cv_prog_cc_g=yes
ac_cv_prog_cxx_g=yes
ac_cv_prog_make_make_set=yes
am_cv_CC_dependencies_compiler_type=gcc3
am_cv_CXX_dependencies_compiler_type=gcc3
am_cv_make_support_nested_variables=yes
am_cv_prog_cc_c_o=yes
lt_cv_ar_at_file=@
lt_cv_deplibs_check_method=pass_all
lt_cv_file_magic_cmd='$MAGIC_CMD'
lt_cv_file_magic_test_file=
lt_cv_ld_reload_flag=-r
lt_cv_nm_interface='BSD nm'
lt_cv_objdir=.libs
lt_cv_path_LD=/usr/bin/ld
lt_cv_path_LDCXX='/usr/bin/ld -m elf_x86_64'
lt_cv_path_NM='/usr/bin/nm -B'
lt_cv_path_mainfest_tool=no
lt_cv_prog_compiler_c_o=yes
lt_cv_prog_compiler_c_o_CXX=yes
lt_cv_prog_compiler_pic='-fPIC -DPIC'
lt_cv_prog_compiler_pic_CXX='-fPIC -DPIC'
lt_cv_prog_compiler_pic_works=yes
lt_cv_prog_compiler_pic_works_CXX=yes
lt_cv_prog_compiler_rtti_exceptions=no
lt_cv_prog_compiler_static_works=no
lt_cv_prog_compiler_static_works_CXX=no
lt_cv_prog_gnu_ld=yes
lt_cv_prog_gnu_ldcxx=yes
lt_cv_sharedlib_from_linklib_cmd='printf %s\n'
lt_cv_shlibpath_overrides_runpath=no
lt_cv_sys_global_symbol_pipe='sed -n -e '\''s/^.*[	 ]\([ABCDGIRSTW][ABCDGIRSTW]*\)[	 ][	 ]*\([_A-Za-z][_A-Za-z0-9]*\)$/\1 \2 \2/p'\'' | sed '\''/ __gnu_lto/d'\'''
lt_cv_sys_global_symbol_to_c_name_address='sed -n -e '\''s/^: \([^ ]*\)[ ]*$/  {\"\1\", (void *) 0},/p'\'' -e '\''s/^[ABCDGIRSTW]* \([^ ]*\) \([^ ]*\)$/  {"\2", (void *) \&\2},/p'\'''
lt_cv_sys_global_symbol_to_c_name_address_lib_prefix='sed -n -e '\''s/^: \([^ ]*\)[ ]*$/  {\"\1\", (void *) 0},/p'\'' -e '\''s/^[ABCDGIRSTW]* \([^ ]*\) \(lib[^ ]*\)$/  {"\2", (void *) \&\2},/p'\'' -e '\''s/^[ABCDGIRSTW]* \([^ ]*\) \([^ ]*\)$/  {"lib\2", (void *) \&\2},/p'\'''
lt_cv_sys_global_symbol_to_cdecl='sed -n -e '\''s/^T .* \(.*\)$/extern int \1();/p'\'' -e '\''s/^[ABCDGIRSTW]* .* \(.*\)$/extern char \1;/p'\'''
lt_cv_sys_max_cmd_len=1572864
lt_cv_to_host_file_cmd=func_convert_file_noop
lt_cv_to_tool_file_cmd=func_convert_file_noop

## ----------------- ##
## Output variables. ##
## ----------------- ##

ACLOCAL='${SHELL} /home/bingyan/kaldi-trunk/tools/extras/irstlm/missing aclocal-1.15'
AMDEPBACKSLASH='\'
AMDEP_FALSE='#'
AMDEP_TRUE=''
AMTAR='$${TAR-tar}'
AM_BACKSLASH='\'
AM_DEFAULT_V='$(AM_DEFAULT_VERBOSITY)'
AM_DEFAULT_VERBOSITY='1'
AM_V='$(V)'
AR='ar'
AUTOCONF='${SHELL} /home/bingyan/kaldi-trunk/tools/extras/irstlm/missing autoconf'
AUTOHEADER='${SHELL} /home/bingyan/kaldi-trunk/tools/extras/irstlm/missing autoheader'
AUTOMAKE='${SHELL} /home/bingyan/kaldi-trunk/tools/extras/irstlm/missing automake-1.15'
AWK='gawk'
BIBTEX='no'
CC='gcc'
CCDEPMODE='depmode=gcc3'
CFLAGS=''
CPP='gcc -E'
CPPFLAGS=''
CXX='g++'
CXXCPP='g++ -E'
CXXDEPMODE='depmode=gcc3'
CXXFLAGS=''
CYGPATH_W='echo'
DEFS='-DHAVE_CONFIG_H'
DEPDIR='.deps'
DLLTOOL='false'
DSYMUTIL=''
DUMPBIN=''
ECHO_C=''
ECHO_N='-n'
ECHO_T=''
EGREP='/usr/bin/grep -E'
EXEEXT=''
FGREP='/usr/bin/grep -F'
GREP='/usr/bin/grep'
INSTALL_DATA='${INSTALL} -m 644'
INSTALL_PROGRAM='${INSTALL}'
INSTALL_SCRIPT='${INSTALL}'
INSTALL_STRIP_PROGRAM='$(install_sh) -c -s'
LD='/usr/bin/ld -m elf_x86_64'
LDFLAGS=''
LIBOBJS=''
LIBS=' -lz'
LIBTOOL='$(SHELL) $(top_builddir)/libtool'
LIPO=''
LN_S='ln -s'
LTLIBOBJS=''
MAKEINFO='${SHELL} /home/bingyan/kaldi-trunk/tools/extras/irstlm/missing makeinfo'
MANIFEST_TOOL=':'
MKDIR_P='/usr/bin/mkdir -p'
NM='/usr/bin/nm -B'
NMEDIT=''
OBJDUMP='objdump'
OBJEXT='o'
OTOOL64=''
OTOOL=''
PACKAGE='irstlm'
PACKAGE_BUGREPORT=''
PACKAGE_NAME=''
PACKAGE_STRING=''
PACKAGE_TARNAME=''
PACKAGE_URL=''
PACKAGE_VERSION=''
PATH_SEPARATOR=':'
PDFLATEX='no'
RANLIB='ranlib'
SED='/usr/bin/sed'
SET_MAKE=''
SHELL='/bin/sh'
STRIP='strip'
VERSION='5.70.03'
WITH_MERT_FALSE='#'
WITH_MERT_TRUE=''
WITH_THREADS_FALSE=''
WITH_THREADS_TRUE='#'
ac_ct_AR='ar'
ac_ct_CC='gcc'
ac_ct_CXX='g++'
ac_ct_DUMPBIN=''
am__EXEEXT_FALSE=''
am__EXEEXT_TRUE='#'
am__fastdepCC_FALSE=''
am__fastdepCC_TRUE='#'
am__fastdepCXX_FALSE='#'
am__fastdepCXX_TRUE=''
am__include='include'
am__isrc=''
am__leading_dot='.'
am__nodep='_no'
am__quote=''
am__tar='$${TAR-tar} chof - "$$tardir"'
am__untar='$${TAR-tar} xf -'
bindir='${exec_prefix}/bin'
build='x86_64-unknown-linux-gnu'
build_alias=''
build_cpu='x86_64'
build_os='linux-gnu'
build_vendor='unknown'
datadir='${datarootdir}'
datarootdir='${prefix}/share'
docdir='${datarootdir}/doc/${PACKAGE}'
dvidir='${docdir}'
exec_prefix='${prefix}'
host='x86_64-unknown-linux-gnu'
host_alias=''
host_cpu='x86_64'
host_os='linux-gnu'
host_vendor='unknown'
htmldir='${docdir}'
includedir='${prefix}/include'
infodir='${datarootdir}/info'
install_sh='${SHELL} /home/bingyan/kaldi-trunk/tools/extras/irstlm/install-sh'
libdir='${exec_prefix}/lib'
libexecdir='${exec_prefix}/libexec'
localedir='${datarootdir}/locale'
localstatedir='${prefix}/var'
mandir='${datarootdir}/man'
mkdir_p='$(MKDIR_P)'
oldincludedir='/usr/include'
pdfdir='${docdir}'
prefix='/home/bingyan/kaldi-trunk/tools/extras/irstlm'
program_transform_name='s,x,x,'
psdir='${docdir}'
sbindir='${exec_prefix}/sbin'
sharedstatedir='${prefix}/com'
sysconfdir='${prefix}/etc'
target_alias=''
transform='s/_lm/-lm/'

## ----------- ##
## confdefs.h. ##
## ----------- ##

/* confdefs.h */
#define PACKAGE_NAME ""
#define PACKAGE_TARNAME ""
#define PACKAGE_VERSION ""
#define PACKAGE_STRING ""
#define PACKAGE_BUGREPORT ""
#define PACKAGE_URL ""
#define PACKAGE "irstlm"
#define VERSION "5.70.03"
#define STDC_HEADERS 1
#define HAVE_SYS_TYPES_H 1
#define HAVE_SYS_STAT_H 1
#define HAVE_STDLIB_H 1
#define HAVE_STRING_H 1
#define HAVE_MEMORY_H 1
#define HAVE_STRINGS_H 1
#define HAVE_INTTYPES_H 1
#define HAVE_STDINT_H 1
#define HAVE_UNISTD_H 1
#define HAVE_DLFCN_H 1
#define LT_OBJDIR ".libs/"
#define HAVE_GETOPT_H 1

configure: exit 0

## ---------------------- ##
## Running config.status. ##
## ---------------------- ##

This file was extended by config.status, which was
generated by GNU Autoconf 2.69.  Invocation command line was

  CONFIG_FILES    = 
  CONFIG_HEADERS  = 
  CONFIG_LINKS    = 
  CONFIG_COMMANDS = 
  $ ./config.status config.h

on localhost.localdomain

config.status:1153: creating config.h
config.status:1334: config.h is unchanged
